<?xml version="1.0" encoding="UTF-8"?>
<testng-results skipped="0" failed="0" total="1" passed="1">
  <reporter-output>
  </reporter-output>
  <suite name="Suite" duration-ms="61900" started-at="2018-12-22T13:11:25Z" finished-at="2018-12-22T13:12:27Z">
    <groups>
      <group name="cucumber">
        <method signature="AbstractTestNGCucumberTests.feature(cucumber.api.testng.CucumberFeatureWrapper)[pri:0, instance:runners.Runner@3d24753a]" name="feature" class="cucumber.api.testng.AbstractTestNGCucumberTests"/>
      </group> <!-- cucumber -->
    </groups>
    <test name="Test" duration-ms="61900" started-at="2018-12-22T13:11:25Z" finished-at="2018-12-22T13:12:27Z">
      <class name="runners.Runner">
        <test-method status="PASS" signature="setupMethod()[pri:0, instance:runners.Runner@3d24753a]" name="setupMethod" is-config="true" duration-ms="2" started-at="2018-12-22T18:41:25Z" finished-at="2018-12-22T18:41:25Z">
          <reporter-output>
          </reporter-output>
        </test-method> <!-- setupMethod -->
        <test-method status="PASS" signature="setUpClass()[pri:0, instance:runners.Runner@3d24753a]" name="setUpClass" is-config="true" duration-ms="297" started-at="2018-12-22T18:41:25Z" finished-at="2018-12-22T18:41:25Z">
          <reporter-output>
          </reporter-output>
        </test-method> <!-- setUpClass -->
        <test-method status="PASS" signature="feature(cucumber.api.testng.CucumberFeatureWrapper)[pri:0, instance:runners.Runner@3d24753a]" name="feature" duration-ms="61412" started-at="2018-12-22T18:41:25Z" description="Runs Cucumber Feature" data-provider="features" finished-at="2018-12-22T18:42:27Z">
          <params>
            <param index="0">
              <value>
                <![CDATA[Running multiple tests]]>
              </value>
            </param>
          </params>
          <reporter-output>
          </reporter-output>
        </test-method> <!-- feature -->
        <test-method status="PASS" signature="tearDownClass()[pri:0, instance:runners.Runner@3d24753a]" name="tearDownClass" is-config="true" duration-ms="73" started-at="2018-12-22T18:42:27Z" finished-at="2018-12-22T18:42:27Z">
          <reporter-output>
          </reporter-output>
        </test-method> <!-- tearDownClass -->
        <test-method status="PASS" signature="TearMethod()[pri:0, instance:runners.Runner@3d24753a]" name="TearMethod" is-config="true" duration-ms="0" started-at="2018-12-22T18:42:27Z" finished-at="2018-12-22T18:42:27Z">
          <reporter-output>
          </reporter-output>
        </test-method> <!-- TearMethod -->
      </class> <!-- runners.Runner -->
    </test> <!-- Test -->
  </suite> <!-- Suite -->
</testng-results>
